<!DOCTYPE html PUBLIC "-//W3C//DTD XHTML 1.1//EN" "http://www.w3.org/TR/xhtml11/DTD/xhtml11.dtd">
<html xmlns="http://www.w3.org/1999/xhtml">
<head>
<meta http-equiv="content-type" content="text/html; charset=UTF-8"/>
<title>TestNG Report</title>
<style type="text/css">table {margin-bottom:10px;border-collapse:collapse;empty-cells:show}th,td {border:1px solid #009;padding:.25em .5em}th {vertical-align:bottom}td {vertical-align:top}table a {font-weight:bold}.stripe td {background-color: #E6EBF9}.num {text-align:right}.passedodd td {background-color: #3F3}.passedeven td {background-color: #0A0}.skippedodd td {background-color: #DDD}.skippedeven td {background-color: #CCC}.failedodd td,.attn {background-color: #F33}.failedeven td,.stripe .attn {background-color: #D00}.stacktrace {white-space:pre;font-family:monospace}.totop {font-size:85%;text-align:center;border-bottom:2px solid #000}.invisible {display:none}</style>
</head>
<body>
<table>
<tr><th>Test</th><th># Passed</th><th># Skipped</th><th># Failed</th><th>Time (ms)</th><th>Included Groups</th><th>Excluded Groups</th></tr>
<tr><th colspan="7">Suite</th></tr>
<tr><td><a href="#t0">ECRMChromeTests</a></td><td class="num">1</td><td class="num">0</td><td class="num attn">2</td><td class="num">19,342</td><td></td><td></td></tr>
</table>
<table id='summary'><thead><tr><th>Class</th><th>Method</th><th>Start</th><th>Time (ms)</th></tr></thead><tbody><tr><th colspan="4">Suite</th></tr></tbody><tbody id="t0"><tr><th colspan="4">ECRMChromeTests &#8212; failed</th></tr><tr class="failedeven"><td rowspan="2">myPackage.MyMain</td><td><a href="#m0">sampleTest2</a></td><td rowspan="1">1518522978558</td><td rowspan="1">1776</td></tr><tr class="failedeven"><td><a href="#m1">sampleTest3</a></td><td rowspan="1">1518522980340</td><td rowspan="1">1345</td></tr><tr><th colspan="4">ECRMChromeTests &#8212; passed</th></tr><tr class="passedeven"><td rowspan="1">myPackage.MyMain</td><td><a href="#m2">sampleTest1</a></td><td rowspan="1">1518522976527</td><td rowspan="1">2027</td></tr></tbody>
</table>
<h2>ECRMChromeTests</h2><h3 id="m0">myPackage.MyMain#sampleTest2</h3><table class="result"><tr><th>Exception</th></tr><tr><td><div class="stacktrace">java.lang.AssertionError: The following asserts failed:
	This assertion is also failed expected [true] but found [false],
	Again assert failed expected [true] but found [false]
	at myPackage.MyMain.sampleTest2(MyMain.java:37)
... Removed 26 stack frames</div></td></tr></table><p class="totop"><a href="#summary">back to summary</a></p>
<h3 id="m1">myPackage.MyMain#sampleTest3</h3><table class="result"><tr><th>Exception</th></tr><tr><td><div class="stacktrace">java.lang.AssertionError: The following asserts failed:
	This is it
	at myPackage.MyMain.sampleTest3(MyMain.java:44)
... Removed 26 stack frames</div></td></tr></table><p class="totop"><a href="#summary">back to summary</a></p>
<h3 id="m2">myPackage.MyMain#sampleTest1</h3><table class="result"><tr class="param"><th>Parameter #1</th></tr><tr class="param stripe"><td>{TEST_END=, EXECUTE=Yes, MODULE=REPORTS, JIRAID=S0000, USERNAME=User_SSA1, INPUTDATA={
&quot;Company&quot; : &quot;Prosperity Home Mortgage, LLC&quot;,&quot;runReportAlertMessage&quot;:&quot;The report is currently processing.  You will receive an email when processing is complete.&quot;,&quot;BusinessAnalysisReport&quot;:&quot;521 Prosperity Home Mortgage (VA) Alan M Sanders&quot;,&quot;BAReportType&quot;:&quot;LO Performance&quot;,&quot;SurveyName&quot;:&quot;Prosperity Listing Agent Survey&quot;
}, TEST DESCRIPTION=Test Case 13027: Smoke Test - Reports, TEST_CASE_NAME=sampleTest1}</td></tr></table><p class="totop"><a href="#summary">back to summary</a></p>
</body>
</html>
