<?xml version="1.0" encoding="UTF-8"?>
<!-- Generated by org.testng.reporters.JUnitXMLReporter -->
<testsuite hostname="Prasad-PC" ignored="0" name="ECRMChromeTests" tests="3" failures="2" timestamp="13 Feb 2018 11:56:24 GMT" time="19.342" errors="0">
  <testcase name="sampleTest1" time="2.027" classname="myPackage.MyMain"/>
  <testcase name="sampleTest2" time="1.776" classname="myPackage.MyMain">
    <failure type="java.lang.AssertionError" message="The following asserts failed:
	This assertion is also failed expected [true] but found [false],
	Again assert failed expected [true] but found [false]">
      <![CDATA[java.lang.AssertionError: The following asserts failed:This assertion is also failed expected [true] but found [false],Again assert failed expected [true] but found [false]at myPackage.MyMain.sampleTest2(MyMain.java:37)... Removed 26 stack frames]]>
    </failure>
  </testcase> <!-- sampleTest2 -->
  <testcase name="sampleTest3" time="1.345" classname="myPackage.MyMain">
    <failure type="java.lang.AssertionError" message="The following asserts failed:
	This is it">
      <![CDATA[java.lang.AssertionError: The following asserts failed:This is itat myPackage.MyMain.sampleTest3(MyMain.java:44)... Removed 26 stack frames]]>
    </failure>
  </testcase> <!-- sampleTest3 -->
</testsuite> <!-- ECRMChromeTests -->
